make.exe all --print-data-base --no-builtin-variables --no-builtin-rules --question
make: *** No rule to make target 'all'.  Stop.

# GNU Make 4.3
# Built for x86_64-pc-cygwin
# Copyright (C) 1988-2020 Free Software Foundation, Inc.
# License GPLv3+: GNU GPL version 3 or later <http://gnu.org/licenses/gpl.html>
# This is free software: you are free to change and redistribute it.
# There is NO WARRANTY, to the extent permitted by law.
 

# Make data base, printed on Tue Jul 19 16:57:54 2022

# Variables
 

# environment
FPS_BROWSER_APP_PROFILE_STRING = Internet Explorer
# environment
SYSTEMDRIVE = C:
# environment
LC_ALL = C
# environment
USERPROFILE = C:\Users\pmic
# environment
VBOX_MSI_INSTALL_PATH = C:\Program Files\Oracle\VirtualBox\
# environment
LOCALAPPDATA = C:\Users\pmic\AppData\Local
# environment
VSCODE_CWD = C:\Users\pmic\AppData\Local\Programs\Microsoft VS Code
# environment
SYSTEMROOT = C:\WINDOWS
# environment
PROCESSOR_LEVEL = 6
# environment
PSMODULEPATH = C:\Program Files\WindowsPowerShell\Modules;C:\WINDOWS\system32\WindowsPowerShell\v1.0\Modules;C:\Program Files (x86)\Microsoft Azure Information Protection\Powershell
# default
MAKE_COMMAND := make
# environment
USERDNSDOMAIN = ZHAW.CH
# automatic
@D = $(patsubst %/,%,$(dir $@))
# environment
CHROME_CRASHPAD_PIPE_NAME = \\.\pipe\crashpad_26316_JBSWJSLVUMALMWJW
# environment
ONEDRIVECOMMERCIAL = E:\pmic\OneDrive - ZHAW
# environment
!E: = e:\privat\Dropbox\fpv_drone\00_quads\GIT_repositories\chirp
# environment
FPS_BROWSER_USER_PROFILE_STRING = Default
# environment
VSCODE_HANDLES_UNCAUGHT_ERRORS = true
# default
.VARIABLES := 
# automatic
%D = $(patsubst %/,%,$(dir $%))
# automatic
^D = $(patsubst %/,%,$(dir $^))
# automatic
%F = $(notdir $%)
# environment
VSCODE_CODE_CACHE_PATH = C:\Users\pmic\AppData\Roaming\Code\CachedData\b06ae3b2d2dbfe28bca3134cc6be65935cdfea6a
# environment
LANG = C
# default
.LOADED := 
# environment
TMP = /cygdrive/c/Users/pmic/AppData/Local/Temp
# default
.INCLUDE_DIRS = /usr/include /usr/include
# environment
CADENAS_DEFAULTUSER = \\srv-lab-t-432\cadenas\setup\user\default_user
# makefile
MAKEFLAGS = pqrR
# environment
ONEDRIVE = E:\pmic\OneDrive - ZHAW
# makefile
CURDIR := /cygdrive/e/privat/Dropbox/fpv_drone/00_quads/GIT_repositories/chirp
# environment
CADENAS_DATA = \\srv-lab-t-432\cadenas\data
# environment
APPLICATION_INSIGHTS_NO_DIAGNOSTIC_CHANNEL = true
# automatic
 
*D = $(patsubst %/,%,$(dir $*))
# environment
PROGRAMFILES = C:\Program Files
# environment
MFLAGS = -pqrR
# default
.SHELLFLAGS := -c
# environment
COMMONPROGRAMW6432 = C:\Program Files\Common Files
# automatic
+D = $(patsubst %/,%,$(dir $+))
# environment
CADENAS_SETUP = \\srv-lab-t-432\cadenas\setup
# makefile
MAKEFILE_LIST := 
# automatic
@F = $(notdir $@)
# environment
VSCODE_PID = 26316
# automatic
?D = $(patsubst %/,%,$(dir $?))
# environment
OSNAME = x86
# environment
MSMPI_BIN = C:\Program Files\Microsoft MPI\Bin\
# automatic
*F = $(notdir $*)
# automatic
<D = $(patsubst %/,%,$(dir $<))
# environment
VSCODE_NLS_CONFIG = {"locale":"de","availableLanguages":{},"_languagePackSupport":true}
# default
MAKE_HOST := x86_64-pc-cygwin
# environment
PROGRAMDATA = C:\ProgramData
# default
SHELL := /bin/sh
# environment
HOMEPATH = \Users\pmic
# default
MAKECMDGOALS := all
# environment
DRIVERDATA = C:\Windows\System32\Drivers\DriverData
# environment
COMSPEC = C:\WINDOWS\system32\cmd.exe
# environment
WINDIR = C:\WINDOWS
# environment
MAKELEVEL := 0
# default
MAKE = $(MAKE_COMMAND)
# environment
PYTEST = C:\Users\pmic\AppData\Roaming\Python\Python36\Scripts\
# environment
PATH = /cygdrive/c/Program Files (x86)/Common Files/Oracle/Java/javapath:/cygdrive/c/Program Files/Python36/Scripts:/cygdrive/c/Program Files/Python36:/cygdrive/c/Program Files/AdoptOpenJDK/jdk-8.0.242.08-hotspot/bin:/cygdrive/c/Program Files (x86)/Embarcadero/Studio/21.0/bin:/cygdrive/c/Users/Public/Documents/Embarcadero/Studio/21.0/Bpl:/cygdrive/c/Program Files (x86)/Embarcadero/Studio/21.0/bin64:/cygdrive/c/Users/Public/Documents/Embarcadero/Studio/21.0/Bpl/Win64:/cygdrive/c/Program Files/Microsoft MPI/Bin:/cygdrive/c/ProgramData/Oracle/Java/javapath:/cygdrive/c/WINDOWS/system32:/cygdrive/c/WINDOWS:/cygdrive/c/WINDOWS/System32/Wbem:/cygdrive/c/WINDOWS/System32/WindowsPowerShell/v1.0:/cygdrive/c/Program Files/MATLAB/R2020a/runtime/win64:/cygdrive/c/Program Files/MATLAB/R2020a/bin:/cygdrive/c/Program Files/MATLAB/R2021a/runtime/win64:/cygdrive/c/Program Files/MATLAB/R2021a/bin:/cygdrive/c/Program Files/MATLAB/R2018a/runtime/win64:/cygdrive/c/Program Files/MATLAB/R2018a/bin:/cygdrive/c/Program Files/Microsoft SQL Server/120/Tools/Binn:/cygdrive/c/Program Files (x86)/Microsoft SQL Server/100/Tools/Binn:/cygdrive/c/Program Files/Microsoft SQL Server/100/Tools/Binn:/cygdrive/c/Program Files/Microsoft SQL Server/100/DTS/Binn:/cygdrive/c/Program Files/MiKTeX 2.9/miktex/bin/x64:/cygdrive/c/Program Files/PuTTY:/cygdrive/c/Program Files (x86)/NVIDIA Corporation/PhysX/Common:/cygdrive/c/WINDOWS/system32:/cygdrive/c/WINDOWS:/cygdrive/c/WINDOWS/System32/Wbem:/cygdrive/c/WINDOWS/System32/WindowsPowerShell/v1.0:/cygdrive/c/WINDOWS/System32/OpenSSH:/cygdrive/c/Program Files (x86)/Intel/Intel(R) Management Engine Components/DAL:/cygdrive/c/Program Files/Intel/Intel(R) Management Engine Components/DAL:/cygdrive/c/Program Files/MATLAB/MATLAB Runtime/v93/runtime/win64:/cygdrive/c/Program Files/Intel/CalibrationToolAPI/2.11.1.0/bin:/cygdrive/c/Users/pmic/AppData/Roaming/Python/Python36/Scripts:/cygdrive/c/Program Files (x86)/Pico Technology/PicoScope6:/cygdrive/c/Program Files/Git/cmd:/cygdrive/c/Program Files/TortoiseGit/bin:/cygdrive/c/Program Files/NVIDIA Corporation/NVIDIA NvDLISR:/cygdrive/c/Program Files/dotnet:/cygdrive/c/Program Files/CMake/bin:/cygdrive/c/Users/pmic/AppData/Local/Programs/Python/Python38/Scripts:/cygdrive/c/Users/pmic/AppData/Local/Programs/Python/Python38:/cygdrive/c/Users/pmic/AppData/Local/Programs/Python/Python39/Scripts:/cygdrive/c/Users/pmic/AppData/Local/Programs/Python/Python39:/cygdrive/c/Program Files (x86)/Common Files/Oracle/Java/javapath:/cygdrive/c/Program Files/Python36/Scripts:/cygdrive/c/Program Files/Python36:/cygdrive/c/Program Files/AdoptOpenJDK/jdk-8.0.242.08-hotspot/bin:/cygdrive/c/Program Files (x86)/Embarcadero/Studio/21.0/bin:/cygdrive/c/Users/Public/Documents/Embarcadero/Studio/21.0/Bpl:/cygdrive/c/Program Files (x86)/Embarcadero/Studio/21.0/bin64:/cygdrive/c/Users/Public/Documents/Embarcadero/Studio/21.0/Bpl/Win64:/cygdrive/c/Program Files/Microsoft MPI/Bin:/cygdrive/c/ProgramData/Oracle/Java/javapath:/cygdrive/c/WINDOWS/system32:/cygdrive/c/WINDOWS:/cygdrive/c/WINDOWS/System32/Wbem:/cygdrive/c/WINDOWS/System32/WindowsPowerShell/v1.0:/cygdrive/c/Program Files/MATLAB/R2020a/runtime/win64:/cygdrive/c/Program Files/MATLAB/R2020a/bin:/cygdrive/c/Program Files/MATLAB/R2021a/runtime/win64:/cygdrive/c/Program Files/MATLAB/R2021a/bin:/cygdrive/c/Program Files/MATLAB/R2018a/runtime/win64:/cygdrive/c/Program Files/MATLAB/R2018a/bin:/cygdrive/c/Program Files/Microsoft SQL Server/120/Tools/Binn:/cygdrive/c/Program Files (x86)/Microsoft SQL Server/100/Tools/Binn:/cygdrive/c/Program Files/Microsoft SQL Server/100/Tools/Binn:/cygdrive/c/Program Files/Microsoft SQL Server/100/DTS/Binn:/cygdrive/c/Program Files/MiKTeX 2.9/miktex/bin/x64:/cygdrive/c/Program Files/PuTTY:/cygdrive/c/Program Files (x86)/NVIDIA Corporation/PhysX/Common:/cygdrive/c/WINDOWS/system32:/cygdrive/c/WINDOWS:/cygdrive/c/WINDOWS/System32/Wbem:/cygdrive/c/WINDOWS/System32/WindowsPowerShell/v1.0:/cygdrive/c/WINDOWS/System32/OpenSSH:/cygdrive/c/Program Files (x86)/Intel/Intel(R) Management Engine Components/DAL:/cygdrive/c/Program Files/Intel/Intel(R) Management Engine Components/DAL:/cygdrive/c/Program Files/MATLAB/MATLAB Runtime/v93/runtime/win64:/cygdrive/c/Program Files/Intel/CalibrationToolAPI/2.11.1.0/bin:/cygdrive/c/Users/pmic/AppData/Roaming/Python/Python36/Scripts:/cygdrive/c/Program Files (x86)/Pico Technology/PicoScope6:/cygdrive/c/Program Files/Git/cmd:/cygdrive/c/Program Files/TortoiseGit/bin:/cygdrive/c/Program Files/NVIDIA Corporation/NVIDIA NvDLISR:/cygdrive/c/Program Files/dotnet:/usr/bin:/cygdrive/c/msys64/mingw64/bin:/cygdrive/c/dev/gcc-arm/bin:/usr/bin/bin:/cygdrive/c/Program Files (x86)/Intel RealSense SDK 2.0/bin/x64:/cygdrive/c/OpenCV_4_5_5/opencv/build/x64/vc15/bin:/cygdrive/c/Qt/5.15.0/msvc2019_64/bin:/cygdrive/c/Users/pmic/AppData/Local/Programs/Microsoft VS Code/bin
# environment
ZES_ENABLE_SYSMAN = 1
# environment
COMPUTERNAME = CLT-MOB-T-5035
# default
MAKEFILES := 
# environment
CYGWIN_HOME = C:\cygwin\bin
# automatic
^F = $(notdir $^)
# environment
PYCHARM = C:\Program Files\JetBrains\PyCharm 2021.2.3\bin;
# environment
NIEXTCCOMPILERSUPP = C:\Program Files (x86)\National Instruments\Shared\ExternalCompilerSupport\C\
# environment
PROMPT = $P$G
# environment
NIDAQMXSWITCHDIR = C:\Program Files (x86)\National Instruments\NI-DAQ\Switch\
# environment
LOGONSERVER = \\SRV-DC-101
# environment
USERNAME = pmic
# environment
COMMONPROGRAMFILES = C:\Program Files\Common Files
# automatic
?F = $(notdir $?)
# environment
PROGRAMW6432 = C:\Program Files
# environment
 
PATHEXT = .COM;.EXE;.BAT;.CMD;.VBS;.VBE;.JS;.JSE;.WSF;.WSH;.MSC;.PY;.PYW
# automatic
+F = $(notdir $+)
# environment
ORIGINAL_XDG_CURRENT_DESKTOP = undefined
# environment
USERDOMAIN = ZHAW
# 'override' directive
GNUMAKEFLAGS := 
# environment
VS140COMNTOOLS = C:\Program Files (x86)\Microsoft Visual Studio 14.0\Common7\Tools\
# environment
OS = Windows_NT
# makefile
.DEFAULT_GOAL := 
# default
MAKE_VERSION := 4.3
# environment
PROGRAMFILES(X86) = C:\Program Files (x86)
# environment
UATDATA = C:\WINDOWS\CCM\UATData\D9F8C395-CAB8-491d-B8AC-179A1FE1BE77
# environment
USERDOMAIN_ROAMINGPROFILE = ZHAW
# environment
NUMBER_OF_PROCESSORS = 8
# environment
PUBLIC = C:\Users\Public
# environment
MOZ_PLUGIN_PATH = C:\Program Files\Tracker Software\PDF Viewer\Win32\
# environment
APPDATA = C:\Users\pmic\AppData\Roaming
# environment
HOMEDRIVE = C:
# environment
PROCESSOR_ARCHITECTURE = AMD64
# environment
PYCHARM COMMUNITY EDITION = C:\Program Files\JetBrains\PyCharm Community Edition 2021.2.3\bin;
# environment
VSCODE_AMD_ENTRYPOINT = vs/workbench/api/node/extensionHostProcess
# environment
HOME = /home/pmic
# environment
COMMONPROGRAMFILES(X86) = C:\Program Files (x86)\Common Files
# environment
CADENAS_USER = %APPDATA%\cadenas\partsolutions_v9
# environment
ELECTRON_RUN_AS_NODE = 1
# environment
TEMP = /cygdrive/c/Users/pmic/AppData/Local/Temp
# environment
VSCODE_IPC_HOOK = \\.\pipe\9e44328df26aa09207e4fda0be1b5437-1.69.1-main-sock
# environment
TERM = xterm-256color
# default
.RECIPEPREFIX := 
# automatic
<F = $(notdir $<)
# default
SUFFIXES := 
# environment
ALLUSERSPROFILE = C:\ProgramData
# environment
CADENAS = \\srv-lab-t-432\cadenas\software
 
# environment
SESSIONNAME = Console
# environment
VS100COMNTOOLS = C:\Program Files (x86)\Microsoft Visual Studio 10.0\Common7\Tools\
# default
.FEATURES := target-specific order-only second-expansion else-if shortest-stem undefine oneshell nocomment grouped-target extra-prereqs archives jobserver output-sync check-symlink guile load
# environment
PROCESSOR_REVISION = 9e09
# environment
PROCESSOR_IDENTIFIER = Intel64 Family 6 Model 158 Stepping 9, GenuineIntel
# variable set hash-table stats:
# Load=112/1024=11%, Rehash=0, Collisions=10/136=7%

# Pattern-specific Variable Values

# No pattern-specific variable values.

# Directories

# . (device 1551566500, inode 1344887438723519361): 9 files, no impossibilities.

# 9 files, no impossibilities in 1 directories.

# Implicit Rules

# No implicit rules.

# Files

# Not a target:
Makefile:
#  Implicit rule search has been done.
#  File does not exist.
#  File has been updated.
#  Failed to be updated.

# Not a target:
.DEFAULT:
#  Implicit rule search has not been done.
#  Modification time never checked.
#  File has not been updated.

# Not a target:
all:
#  Command line target.
#  Implicit rule search has been done.
#  File does not exist.
#  File has not been updated.

# Not a target:
makefile:
#  Implicit rule search has been done.
#  File does not exist.
#  File has been updated.
#  Failed to be updated.

# Not a target:
GNUmakefile:
#  Implicit rule search has been done.
#  File does not exist.
#  File has been updated.
#  Failed to be updated.

# files hash-table stats:
# Load=6/1024=1%, Rehash=0, Collisions=0/15=0%
# VPATH Search Paths

# No 'vpath' search paths.

# No general ('VPATH' variable) search path.

 
# strcache buffers: 1 (0) / strings = 16 / storage = 123 B / avg = 7 B
# current buf: size = 8162 B / used = 123 B / count = 16 / avg = 7 B

# strcache performance: lookups = 19 / hit rate = 15%
# hash-table stats:
# Load=16/8192=0%, Rehash=0, Collisions=0/19=0%
# Finished Make data base on Tue Jul 19 16:57:54 2022

 
